<?xml version="1.0" encoding="UTF-8"?>
<coverage generated="1696262398584" clover="3.2.0">
  <project timestamp="1696262398584" name="All files">
    <metrics statements="7" coveredstatements="7" conditionals="8" coveredconditionals="7" methods="3" coveredmethods="3" elements="18" coveredelements="17" complexity="0" loc="7" ncloc="7" packages="1" files="2" classes="2"/>
    <file name="index.js" path="/Users/user/Documents/GitHub/ci-template/src/index.js">
      <metrics statements="6" coveredstatements="6" conditionals="8" coveredconditionals="7" methods="1" coveredmethods="1"/>
      <line num="2" count="5" type="cond" truecount="2" falsecount="0"/>
      <line num="3" count="1" type="stmt"/>
      <line num="5" count="4" type="cond" truecount="4" falsecount="0"/>
      <line num="6" count="2" type="stmt"/>
      <line num="8" count="2" type="cond" truecount="1" falsecount="1"/>
      <line num="9" count="2" type="stmt"/>
    </file>
    <file name="players.js" path="/Users/user/Documents/GitHub/ci-template/src/players.js">
      <metrics statements="1" coveredstatements="1" conditionals="0" coveredconditionals="0" methods="2" coveredmethods="2"/>
      <line num="2" count="4" type="stmt"/>
    </file>
  </project>
</coverage>
